<?xml version="1.0" encoding="UTF-8"?>
<testng-results skipped="0" failed="0" ignored="0" total="1" passed="1">
  <reporter-output>
  </reporter-output>
  <suite name="Default suite" duration-ms="4906" started-at="2022-08-29T17:04:54 CDT" finished-at="2022-08-29T17:04:59 CDT">
    <groups>
    </groups>
    <test name="Default test" duration-ms="4906" started-at="2022-08-29T17:04:54 CDT" finished-at="2022-08-29T17:04:59 CDT">
      <class name="test.TestNGPageTest">
        <test-method status="PASS" signature="testNGPageTest()[pri:0, instance:test.TestNGPageTest@6acdbdf5]" name="testNGPageTest" duration-ms="4861" started-at="2022-08-29T17:04:54 CDT" finished-at="2022-08-29T17:04:59 CDT">
          <reporter-output>
          </reporter-output>
        </test-method> <!-- testNGPageTest -->
      </class> <!-- test.TestNGPageTest -->
    </test> <!-- Default test -->
  </suite> <!-- Default suite -->
</testng-results>
